2024-09-20 21:02:55 DEBUG MyBot:64 - fds
2024-09-20 21:03:16 DEBUG MyBot:64 - Это написал я
2024-09-20 21:04:58 DEBUG MyBot:64 - /start
2024-09-20 21:05:02 DEBUG MyBot:64 - Что я умею
2024-09-20 21:05:16 DEBUG MyBot:64 - а
2024-09-20 21:05:24 DEBUG MyBot:64 - а
2024-09-20 21:05:26 DEBUG MyBot:64 - а
2024-09-20 21:05:27 DEBUG MyBot:64 - и
2024-09-20 21:06:07 DEBUG MyBot:64 - Отправить
2024-09-20 21:39:21 DEBUG MyBot:64 - /start
2024-09-20 21:39:25 DEBUG MyBot:64 - Что я умею
2024-09-21 00:20:54 DEBUG MyBot:64 - fdsfsd
2024-09-21 00:20:59 DEBUG MyBot:64 - /start
2024-09-23 00:03:41 DEBUG MyBot:63 - Что я умею
2024-09-23 00:03:58 DEBUG MyBot:63 - я
2024-09-23 00:05:08 DEBUG MyBot:63 - /start
2024-09-23 00:06:23 DEBUG MyBot:63 - z nen
2024-09-23 19:09:28 DEBUG MyBot:63 - Что я умею
2024-09-23 19:09:41 DEBUG MyBot:63 - Cnjg
2024-09-23 19:27:20 DEBUG MyBot:66 - /component Витамин C
2024-09-23 19:31:14 DEBUG MyBot:66 - /start
2024-09-23 19:31:16 DEBUG MyBot:66 - Что я умею
2024-09-23 19:31:30 DEBUG MyBot:66 - Фитостеролы
2024-09-23 19:31:46 DEBUG MyBot:66 - /component фитостеролы
2024-09-23 19:32:15 DEBUG MyBot:66 - /сomponent пантенол
2024-09-23 19:32:39 DEBUG MyBot:66 - /сomponent пантенол
2024-09-23 19:33:37 DEBUG MyBot:66 - Пантенол вфывф фывфывф
2024-09-23 19:33:39 DEBUG MyBot:66 - вфывф
2024-09-23 19:33:48 DEBUG MyBot:66 - Отправить
2024-09-23 19:35:56 DEBUG MyBot:66 - /start
2024-09-23 19:35:59 DEBUG MyBot:66 - Что я умею
2024-09-23 19:36:11 DEBUG MyBot:66 - Пантенол
2024-09-23 19:36:19 DEBUG MyBot:66 - Фитосфор
2024-09-23 19:36:21 DEBUG MyBot:66 - Отправить
2024-09-23 19:36:53 DEBUG MyBot:66 - /component пантенол
2024-09-23 19:37:27 DEBUG MyBot:66 - /сomponent пантенол
2024-09-23 19:37:45 DEBUG MyBot:66 - /component пантенол
2024-09-23 19:38:51 DEBUG MyBot:66 - /component глицерин
2024-09-23 19:38:59 DEBUG MyBot:66 - /component глицерин
2024-09-23 19:40:12 DEBUG MyBot:66 - /component витамин c
2024-09-23 19:40:23 DEBUG MyBot:66 - /component глицерин
2024-09-23 19:40:45 DEBUG MyBot:66 - /component фитостеролы
2024-09-23 19:42:03 DEBUG MyBot:66 - /start
2024-09-23 19:42:05 DEBUG MyBot:66 - Что я умею
2024-09-23 19:42:23 DEBUG MyBot:66 - /component глицерин
2024-09-23 19:56:41 DEBUG MyBot:68 - Крапива
2024-09-23 19:56:50 DEBUG MyBot:68 - Глицерин
2024-09-23 19:58:41 DEBUG MyBot:68 - Крапива
2024-09-23 19:58:44 DEBUG MyBot:68 - Глицерин
2024-09-23 19:59:16 DEBUG MyBot:68 - Фотофосвор
2024-09-23 19:59:30 DEBUG MyBot:68 - салициловая кислота
2024-09-23 19:59:36 DEBUG MyBot:68 - Отправить
2024-09-23 20:03:29 DEBUG MyBot:68 - /component глицерин
2024-09-23 20:03:41 DEBUG MyBot:68 - /component Глицерин
2024-09-23 20:05:23 DEBUG MyBot:68 - /component Глицерин
2024-09-23 20:05:23 DEBUG MyBot:68 - /component глицерин
2024-09-23 20:05:33 DEBUG MyBot:68 - /compoentn глицерин
2024-09-23 20:05:44 DEBUG MyBot:68 - /component глицерин
2024-09-23 20:06:42 DEBUG MyBot:68 - /component глицерин
2024-09-23 20:08:10 DEBUG MyBot:68 - /component ГЛИЦЕРИН
2024-09-23 20:12:15 DEBUG MyBot:68 - /start
2024-09-23 20:12:16 DEBUG MyBot:68 - Что я умею
2024-09-23 20:12:27 DEBUG MyBot:68 - Укроп
2024-09-23 20:12:31 DEBUG MyBot:68 - Глицерин
2024-09-23 20:12:35 DEBUG MyBot:68 - Морковка
2024-09-23 20:12:42 DEBUG MyBot:68 - Фотофосфор
2024-09-23 20:12:51 DEBUG MyBot:68 - Керамиды
2024-09-23 20:12:57 DEBUG MyBot:68 - Отправить
2024-09-23 20:19:45 DEBUG MyBot:69 - Фовфыв
2024-09-23 20:19:47 DEBUG MyBot:69 - фВФЫ
2024-09-23 20:19:48 DEBUG MyBot:69 - фыв
2024-09-23 20:19:50 DEBUG MyBot:69 - Глицерин
2024-09-23 20:19:57 DEBUG MyBot:69 - Кермиды
2024-09-23 20:20:00 DEBUG MyBot:69 - Керамиды
2024-09-23 20:20:07 DEBUG MyBot:69 - пептиды
2024-09-23 20:20:12 DEBUG MyBot:69 - Отправить
2024-09-23 20:22:34 DEBUG MyBot:69 - Глицерин
2024-09-23 20:22:37 DEBUG MyBot:69 - Керамиды
2024-09-23 20:23:26 DEBUG MyBot:69 - Отправить
2024-09-23 20:26:55 DEBUG MyBot:68 - /start
2024-09-23 20:27:01 DEBUG MyBot:68 - Что я умею
2024-09-23 20:27:10 DEBUG MyBot:68 - Глицерин
2024-09-23 20:30:52 DEBUG MyBot:68 - Глицерин
2024-09-23 20:30:58 DEBUG MyBot:68 - Керамиды
2024-09-23 20:31:00 DEBUG MyBot:68 - Водоросли
2024-09-23 20:31:03 DEBUG MyBot:68 - Отправить
2024-09-23 20:33:19 DEBUG MyBot:68 - Водоросли
2024-09-23 20:33:22 DEBUG MyBot:68 - Глицерин
2024-09-23 20:33:24 DEBUG MyBot:68 - Керамиды
2024-09-23 20:33:26 DEBUG MyBot:68 - Кератиды
2024-09-23 20:33:33 DEBUG MyBot:68 - Крапива
2024-09-23 20:33:42 DEBUG MyBot:68 - Отправить
2024-09-23 20:34:49 DEBUG MyBot:68 - Что я умею
2024-09-23 20:35:18 DEBUG MyBot:68 - Water
2024-09-23 20:36:03 DEBUG MyBot:68 - Soluble Collagen
2024-09-23 20:36:21 DEBUG MyBot:68 - Что я умею
2024-09-23 20:36:33 DEBUG MyBot:68 - Soluble Collagen
2024-09-23 20:36:43 DEBUG MyBot:68 - отправить
2024-09-23 20:36:45 DEBUG MyBot:68 - /start
2024-09-23 20:36:48 DEBUG MyBot:68 - Что я умею
2024-09-23 20:36:57 DEBUG MyBot:68 - Крапива
2024-09-23 20:37:01 DEBUG MyBot:68 - Керамиды
2024-09-23 20:37:14 DEBUG MyBot:68 - Глицерин
2024-09-23 20:37:17 DEBUG MyBot:68 - Отправить
2024-09-23 20:37:18 DEBUG MyBot:68 - глицерин
2024-09-23 20:37:28 DEBUG MyBot:68 - гиалуроновая кислота
2024-09-23 20:37:33 DEBUG MyBot:68 - отправить
